# JRE version: OpenJDK Runtime Environment (8.0_252-b09) (build 1.8.0_252-8u252-b09-1~16.04-b09)
# Java VM: OpenJDK Server VM (25.252-b09 mixed mode linux-x86 )
Heap:
 PSYoungGen      total 103424K, used 6142K [0x97000000, 0x9dc00000, 0xa6c00000)
  eden space 97280K, 0% used [0x97000000,0x97000000,0x9cf00000)
  from space 6144K, 99% used [0x9cf00000,0x9d4ffae0,0x9d500000)
  to   space 5120K, 0% used [0x9d500000,0x9d500000,0x9da00000)
 ParOldGen       total 32768K, used 12781K [0x77800000, 0x79800000, 0x97000000)
  object space 32768K, 39% used [0x77800000,0x7847b438,0x79800000)
 Metaspace       used 10420K, capacity 11556K, committed 11672K, reserved 12592K
GC Heap History (10 events):
Event: 3.893 GC heap after
Heap after GC invocations=4 (full 0):
 PSYoungGen      total 26624K, used 2042K [0x97000000, 0x98c00000, 0xa6c00000)
  eden space 24576K, 0% used [0x97000000,0x97000000,0x98800000)
  from space 2048K, 99% used [0x98a00000,0x98bfe918,0x98c00000)
  to   space 2048K, 0% used [0x98800000,0x98800000,0x98a00000)
 ParOldGen       total 32768K, used 3361K [0x77800000, 0x79800000, 0x97000000)
  object space 32768K, 10% used [0x77800000,0x77b486d0,0x79800000)
 Metaspace       used 6323K, capacity 6351K, committed 6424K, reserved 6448K
}
Event: 14.191 GC heap before
{Heap before GC invocations=5 (full 0):
 PSYoungGen      total 26624K, used 26618K [0x97000000, 0x98c00000, 0xa6c00000)
  eden space 24576K, 100% used [0x97000000,0x98800000,0x98800000)
  from space 2048K, 99% used [0x98a00000,0x98bfe918,0x98c00000)
  to   space 2048K, 0% used [0x98800000,0x98800000,0x98a00000)
 ParOldGen       total 32768K, used 3361K [0x77800000, 0x79800000, 0x97000000)
  object space 32768K, 10% used [0x77800000,0x77b486d0,0x79800000)
 Metaspace       used 7423K, capacity 7589K, committed 7704K, reserved 8496K
Event: 14.214 GC heap after
Heap after GC invocations=5 (full 0):
 PSYoungGen      total 26624K, used 2044K [0x97000000, 0x9a800000, 0xa6c00000)
  eden space 24576K, 0% used [0x97000000,0x97000000,0x98800000)
  from space 2048K, 99% used [0x98800000,0x989ff138,0x98a00000)
  to   space 4096K, 0% used [0x9a400000,0x9a400000,0x9a800000)
 ParOldGen       total 32768K, used 5124K [0x77800000, 0x79800000, 0x97000000)
  object space 32768K, 15% used [0x77800000,0x77d01288,0x79800000)
 Metaspace       used 7423K, capacity 7589K, committed 7704K, reserved 8496K
}
Event: 15.139 GC heap before
{Heap before GC invocations=6 (full 0):
 PSYoungGen      total 26624K, used 26620K [0x97000000, 0x9a800000, 0xa6c00000)
  eden space 24576K, 100% used [0x97000000,0x98800000,0x98800000)
  from space 2048K, 99% used [0x98800000,0x989ff138,0x98a00000)
  to   space 4096K, 0% used [0x9a400000,0x9a400000,0x9a800000)
 ParOldGen       total 32768K, used 5124K [0x77800000, 0x79800000, 0x97000000)
  object space 32768K, 15% used [0x77800000,0x77d01288,0x79800000)
 Metaspace       used 8021K, capacity 8510K, committed 8600K, reserved 9520K
Event: 15.158 GC heap after
Heap after GC invocations=6 (full 0):
 PSYoungGen      total 53248K, used 2707K [0x97000000, 0x9a800000, 0xa6c00000)
  eden space 49152K, 0% used [0x97000000,0x97000000,0x9a000000)
  from space 4096K, 66% used [0x9a400000,0x9a6a4dd8,0x9a800000)
  to   space 4096K, 0% used [0x9a000000,0x9a000000,0x9a400000)
 ParOldGen       total 32768K, used 5128K [0x77800000, 0x79800000, 0x97000000)
  object space 32768K, 15% used [0x77800000,0x77d02288,0x79800000)
 Metaspace       used 8021K, capacity 8510K, committed 8600K, reserved 9520K
}
Event: 16.625 GC heap before
{Heap before GC invocations=7 (full 0):
 PSYoungGen      total 53248K, used 51859K [0x97000000, 0x9a800000, 0xa6c00000)
  eden space 49152K, 100% used [0x97000000,0x9a000000,0x9a000000)
  from space 4096K, 66% used [0x9a400000,0x9a6a4dd8,0x9a800000)
  to   space 4096K, 0% used [0x9a000000,0x9a000000,0x9a400000)
 ParOldGen       total 32768K, used 5128K [0x77800000, 0x79800000, 0x97000000)
  object space 32768K, 15% used [0x77800000,0x77d02288,0x79800000)
 Metaspace       used 9662K, capacity 10468K, committed 10520K, reserved 10544K
Event: 16.658 GC heap after
Heap after GC invocations=7 (full 0):
 PSYoungGen      total 53248K, used 4085K [0x97000000, 0x9da00000, 0xa6c00000)
  eden space 49152K, 0% used [0x97000000,0x97000000,0x9a000000)
  from space 4096K, 99% used [0x9a000000,0x9a3fd5f0,0x9a400000)
  to   space 5120K, 0% used [0x9d500000,0x9d500000,0x9da00000)
 ParOldGen       total 32768K, used 6258K [0x77800000, 0x79800000, 0x97000000)
  object space 32768K, 19% used [0x77800000,0x77e1c938,0x79800000)
 Metaspace       used 9662K, capacity 10468K, committed 10520K, reserved 10544K
}
Event: 17.084 GC heap before
{Heap before GC invocations=8 (full 0):
 PSYoungGen      total 53248K, used 53237K [0x97000000, 0x9da00000, 0xa6c00000)
  eden space 49152K, 100% used [0x97000000,0x9a000000,0x9a000000)
  from space 4096K, 99% used [0x9a000000,0x9a3fd5f0,0x9a400000)
  to   space 5120K, 0% used [0x9d500000,0x9d500000,0x9da00000)
 ParOldGen       total 32768K, used 6258K [0x77800000, 0x79800000, 0x97000000)
  object space 32768K, 19% used [0x77800000,0x77e1c938,0x79800000)
 Metaspace       used 9867K, capacity 10800K, committed 10904K, reserved 11568K
Event: 17.117 GC heap after
Heap after GC invocations=8 (full 0):
 PSYoungGen      total 102400K, used 5112K [0x97000000, 0x9dc00000, 0xa6c00000)
  eden space 97280K, 0% used [0x97000000,0x97000000,0x9cf00000)
  from space 5120K, 99% used [0x9d500000,0x9d9fe3a8,0x9da00000)
  to   space 6144K, 0% used [0x9cf00000,0x9cf00000,0x9d500000)
 ParOldGen       total 32768K, used 7547K [0x77800000, 0x79800000, 0x97000000)
  object space 32768K, 23% used [0x77800000,0x77f5ee58,0x79800000)
 Metaspace       used 9867K, capacity 10800K, committed 10904K, reserved 11568K
}
Event: 20.376 GC heap before
{Heap before GC invocations=9 (full 0):
 PSYoungGen      total 102400K, used 102392K [0x97000000, 0x9dc00000, 0xa6c00000)
  eden space 97280K, 100% used [0x97000000,0x9cf00000,0x9cf00000)
  from space 5120K, 99% used [0x9d500000,0x9d9fe3a8,0x9da00000)
  to   space 6144K, 0% used [0x9cf00000,0x9cf00000,0x9d500000)
 ParOldGen       total 32768K, used 7547K [0x77800000, 0x79800000, 0x97000000)
  object space 32768K, 23% used [0x77800000,0x77f5ee58,0x79800000)
 Metaspace       used 10420K, capacity 11556K, committed 11672K, reserved 12592K

