# JRE version: OpenJDK Runtime Environment (8.0_252-b09) (build 1.8.0_252-8u252-b09-1~16.04-b09)
# Java VM: OpenJDK Server VM (25.252-b09 mixed mode linux-x86 )
Heap:
 PSYoungGen      total 29696K, used 3553K [0x97200000, 0x99480000, 0xa6e00000)
  eden space 24320K, 0% used [0x97200000,0x97200000,0x989c0000)
  from space 5376K, 66% used [0x989c0000,0x98d38618,0x98f00000)
  to   space 5120K, 0% used [0x98f00000,0x98f00000,0x99400000)
 ParOldGen       total 32768K, used 10913K [0x77a00000, 0x79a00000, 0x97200000)
  object space 32768K, 33% used [0x77a00000,0x784a86a8,0x79a00000)
 Metaspace       used 10970K, capacity 11298K, committed 11416K, reserved 11568K
GC Heap History (10 events):
Event: 6.394 GC heap after
Heap after GC invocations=2 (full 0):
 PSYoungGen      total 14336K, used 2040K [0x97200000, 0x98e00000, 0xa6e00000)
  eden space 12288K, 0% used [0x97200000,0x97200000,0x97e00000)
  from space 2048K, 99% used [0x98000000,0x981fe080,0x98200000)
  to   space 2048K, 0% used [0x97e00000,0x97e00000,0x98000000)
 ParOldGen       total 32768K, used 3088K [0x77a00000, 0x79a00000, 0x97200000)
  object space 32768K, 9% used [0x77a00000,0x77d04148,0x79a00000)
 Metaspace       used 5820K, capacity 5839K, committed 5912K, reserved 6448K
}
Event: 16.640 GC heap before
{Heap before GC invocations=3 (full 0):
 PSYoungGen      total 14336K, used 14328K [0x97200000, 0x98e00000, 0xa6e00000)
  eden space 12288K, 100% used [0x97200000,0x97e00000,0x97e00000)
  from space 2048K, 99% used [0x98000000,0x981fe080,0x98200000)
  to   space 2048K, 0% used [0x97e00000,0x97e00000,0x98000000)
 ParOldGen       total 32768K, used 3088K [0x77a00000, 0x79a00000, 0x97200000)
  object space 32768K, 9% used [0x77a00000,0x77d04148,0x79a00000)
 Metaspace       used 6565K, capacity 6607K, committed 6680K, reserved 7472K
Event: 16.678 GC heap after
Heap after GC invocations=3 (full 0):
 PSYoungGen      total 14336K, used 2044K [0x97200000, 0x98e00000, 0xa6e00000)
  eden space 12288K, 0% used [0x97200000,0x97200000,0x97e00000)
  from space 2048K, 99% used [0x97e00000,0x97fff118,0x98000000)
  to   space 2048K, 0% used [0x98c00000,0x98c00000,0x98e00000)
 ParOldGen       total 32768K, used 4751K [0x77a00000, 0x79a00000, 0x97200000)
  object space 32768K, 14% used [0x77a00000,0x77ea3c30,0x79a00000)
 Metaspace       used 6565K, capacity 6607K, committed 6680K, reserved 7472K
}
Event: 27.046 GC heap before
{Heap before GC invocations=4 (full 0):
 PSYoungGen      total 14336K, used 14332K [0x97200000, 0x98e00000, 0xa6e00000)
  eden space 12288K, 100% used [0x97200000,0x97e00000,0x97e00000)
  from space 2048K, 99% used [0x97e00000,0x97fff118,0x98000000)
  to   space 2048K, 0% used [0x98c00000,0x98c00000,0x98e00000)
 ParOldGen       total 32768K, used 4751K [0x77a00000, 0x79a00000, 0x97200000)
  object space 32768K, 14% used [0x77a00000,0x77ea3c30,0x79a00000)
 Metaspace       used 8608K, capacity 8656K, committed 8728K, reserved 9520K
Event: 27.080 GC heap after
Heap after GC invocations=4 (full 0):
 PSYoungGen      total 14336K, used 2040K [0x97200000, 0x98e00000, 0xa6e00000)
  eden space 12288K, 0% used [0x97200000,0x97200000,0x97e00000)
  from space 2048K, 99% used [0x98c00000,0x98dfe2a8,0x98e00000)
  to   space 2048K, 0% used [0x97e00000,0x97e00000,0x98000000)
 ParOldGen       total 32768K, used 7246K [0x77a00000, 0x79a00000, 0x97200000)
  object space 32768K, 22% used [0x77a00000,0x781138e8,0x79a00000)
 Metaspace       used 8608K, capacity 8656K, committed 8728K, reserved 9520K
}
Event: 28.571 GC heap before
{Heap before GC invocations=5 (full 0):
 PSYoungGen      total 14336K, used 14328K [0x97200000, 0x98e00000, 0xa6e00000)
  eden space 12288K, 100% used [0x97200000,0x97e00000,0x97e00000)
  from space 2048K, 99% used [0x98c00000,0x98dfe2a8,0x98e00000)
  to   space 2048K, 0% used [0x97e00000,0x97e00000,0x98000000)
 ParOldGen       total 32768K, used 7246K [0x77a00000, 0x79a00000, 0x97200000)
  object space 32768K, 22% used [0x77a00000,0x781138e8,0x79a00000)
 Metaspace       used 9364K, capacity 9426K, committed 9496K, reserved 9520K
Event: 28.596 GC heap after
Heap after GC invocations=5 (full 0):
 PSYoungGen      total 14336K, used 2038K [0x97200000, 0x99400000, 0xa6e00000)
  eden space 12288K, 0% used [0x97200000,0x97200000,0x97e00000)
  from space 2048K, 99% used [0x97e00000,0x97ffda98,0x98000000)
  to   space 5120K, 0% used [0x98f00000,0x98f00000,0x99400000)
 ParOldGen       total 32768K, used 9807K [0x77a00000, 0x79a00000, 0x97200000)
  object space 32768K, 29% used [0x77a00000,0x78393e70,0x79a00000)
 Metaspace       used 9364K, capacity 9426K, committed 9496K, reserved 9520K
}
Event: 33.720 GC heap before
{Heap before GC invocations=6 (full 0):
 PSYoungGen      total 14336K, used 14324K [0x97200000, 0x99400000, 0xa6e00000)
  eden space 12288K, 99% used [0x97200000,0x97dff950,0x97e00000)
  from space 2048K, 99% used [0x97e00000,0x97ffda98,0x98000000)
  to   space 5120K, 0% used [0x98f00000,0x98f00000,0x99400000)
 ParOldGen       total 32768K, used 9807K [0x77a00000, 0x79a00000, 0x97200000)
  object space 32768K, 29% used [0x77a00000,0x78393e70,0x79a00000)
 Metaspace       used 9574K, capacity 9714K, committed 9752K, reserved 10544K
Event: 34.264 GC heap after
Heap after GC invocations=6 (full 0):
 PSYoungGen      total 29440K, used 2402K [0x97200000, 0x99480000, 0xa6e00000)
  eden space 24320K, 0% used [0x97200000,0x97200000,0x989c0000)
  from space 5120K, 46% used [0x98f00000,0x99158b20,0x99400000)
  to   space 5376K, 0% used [0x989c0000,0x989c0000,0x98f00000)
 ParOldGen       total 32768K, used 9807K [0x77a00000, 0x79a00000, 0x97200000)
  object space 32768K, 29% used [0x77a00000,0x78393e70,0x79a00000)
 Metaspace       used 9574K, capacity 9714K, committed 9752K, reserved 10544K
}
Event: 4229.699 GC heap before
{Heap before GC invocations=7 (full 0):
 PSYoungGen      total 29440K, used 26722K [0x97200000, 0x99480000, 0xa6e00000)
  eden space 24320K, 100% used [0x97200000,0x989c0000,0x989c0000)
  from space 5120K, 46% used [0x98f00000,0x99158b20,0x99400000)
  to   space 5376K, 0% used [0x989c0000,0x989c0000,0x98f00000)
 ParOldGen       total 32768K, used 9807K [0x77a00000, 0x79a00000, 0x97200000)
  object space 32768K, 29% used [0x77a00000,0x78393e70,0x79a00000)
 Metaspace       used 10970K, capacity 11298K, committed 11416K, reserved 11568K

